<?xml version="1.0"?>
<?xml-stylesheet type="text/xsl" href="http://www.companieshouse.gov.uk/ef/xbrl/uk/fr/gaap/ae/2009-06-21/stylesheet/CH-AE-stylesheet.xsl"?>
<xbrl
	xmlns:xsi="http://www.w3.org/2001/XMLSchema-instance"
	xmlns:ae="http://www.companieshouse.gov.uk/ef/xbrl/uk/fr/gaap/ae/2009-06-21"
	xmlns:gc="http://www.xbrl.org/uk/fr/gcd/2004-12-01"
	xmlns:html="http://www.w3.org/1999/xhtml"
	xmlns:iso4217="http://www.xbrl.org/2003/iso4217"
	xmlns:link="http://www.xbrl.org/2003/linkbase"
	xmlns:pt="http://www.xbrl.org/uk/fr/gaap/pt/2004-12-01"
	xmlns:xbrli="http://www.xbrl.org/2003/instance"
	xmlns:xlink="http://www.w3.org/1999/xlink">
	<link:schemaRef xlink:arcrole="http://www.w3.org/1999/xlink/properties/linkbase" xlink:href="http://www.companieshouse.gov.uk/ef/xbrl/uk/fr/gaap/ae/2009-06-21/uk-gaap-ae-2009-06-21.xsd" xlink:type="simple"/>
	<ae:CompanyNotDormant contextRef="y2016">true</ae:CompanyNotDormant>
	<gc:EntityNames>
		<gc:EntityCurrentLegalName contextRef="y2016">Trim Technology &amp; Services Limited</gc:EntityCurrentLegalName>
	</gc:EntityNames>
	<ae:CompanyIdentifyingNumbers>
		<ae:CompaniesHouseRegisteredNumber contextRef="y2016">03056523</ae:CompaniesHouseRegisteredNumber>
	</ae:CompanyIdentifyingNumbers>
	<gc:StatementDatesPeriodsCovered>
		<gc:BalanceSheetDate contextRef="e2016">2016-07-31</gc:BalanceSheetDate>
	</gc:StatementDatesPeriodsCovered>
	<pt:ProfitLossAccountReserve precision="7" contextRef="e2016" unitRef="GBP">172290</pt:ProfitLossAccountReserve>
	<pt:ProfitLossAccountReserve precision="7" contextRef="e2015" unitRef="GBP">130634</pt:ProfitLossAccountReserve>
	<pt:ShareholderFunds precision="7" contextRef="e2016" unitRef="GBP">372290</pt:ShareholderFunds>
	<pt:ShareholderFunds precision="7" contextRef="e2015" unitRef="GBP">330634</pt:ShareholderFunds>
	<pt:CalledUpShareCapital precision="6" contextRef="e2016" unitRef="GBP">75000</pt:CalledUpShareCapital>
	<pt:CalledUpShareCapital precision="6" contextRef="e2015" unitRef="GBP">75000</pt:CalledUpShareCapital>
	<pt:OtherAggregateReserves precision="7" contextRef="e2016" unitRef="GBP">125000</pt:OtherAggregateReserves>
	<pt:OtherAggregateReserves precision="7" contextRef="e2015" unitRef="GBP">125000</pt:OtherAggregateReserves>
	<pt:NetAssetsLiabilitiesIncludingPensionAssetLiability precision="6" contextRef="e2016" unitRef="GBP">372290</pt:NetAssetsLiabilitiesIncludingPensionAssetLiability>
	<pt:NetAssetsLiabilitiesIncludingPensionAssetLiability precision="6" contextRef="e2015" unitRef="GBP">330634</pt:NetAssetsLiabilitiesIncludingPensionAssetLiability>
	<pt:ProvisionsForLiabilitiesCharges precision="5" contextRef="e2016" unitRef="GBP">6867</pt:ProvisionsForLiabilitiesCharges>
	<pt:ProvisionsForLiabilitiesCharges precision="5" contextRef="e2015" unitRef="GBP">9815</pt:ProvisionsForLiabilitiesCharges>
	<pt:CreditorsDueAfterOneYearTotalNoncurrentLiabilities precision="7" contextRef="e2016" unitRef="GBP">173731</pt:CreditorsDueAfterOneYearTotalNoncurrentLiabilities>
	<pt:CreditorsDueAfterOneYearTotalNoncurrentLiabilities precision="7" contextRef="e2015" unitRef="GBP">132812</pt:CreditorsDueAfterOneYearTotalNoncurrentLiabilities>
	<pt:TotalAssetsLessCurrentLiabilities precision="6" contextRef="e2016" unitRef="GBP">552888</pt:TotalAssetsLessCurrentLiabilities>
	<pt:TotalAssetsLessCurrentLiabilities precision="6" contextRef="e2015" unitRef="GBP">473261</pt:TotalAssetsLessCurrentLiabilities>
	<pt:NetCurrentAssetsLiabilities precision="6" contextRef="e2016" unitRef="GBP">468060</pt:NetCurrentAssetsLiabilities>
	<pt:NetCurrentAssetsLiabilities precision="6" contextRef="e2015" unitRef="GBP">362606</pt:NetCurrentAssetsLiabilities>
	<pt:CreditorsDueWithinOneYearTotalCurrentLiabilities precision="7" contextRef="e2016" unitRef="GBP">401481</pt:CreditorsDueWithinOneYearTotalCurrentLiabilities>
	<pt:CreditorsDueWithinOneYearTotalCurrentLiabilities precision="7" contextRef="e2015" unitRef="GBP">693316</pt:CreditorsDueWithinOneYearTotalCurrentLiabilities>
	<pt:CurrentAssets precision="6" contextRef="e2016" unitRef="GBP">869541</pt:CurrentAssets>
	<pt:CurrentAssets precision="7" contextRef="e2015" unitRef="GBP">1055922</pt:CurrentAssets>
	<pt:Debtors precision="6" contextRef="e2016" unitRef="GBP">771914</pt:Debtors>
	<pt:Debtors precision="6" contextRef="e2015" unitRef="GBP">878052</pt:Debtors>
	<pt:StocksInventory precision="5" contextRef="e2016" unitRef="GBP">90888</pt:StocksInventory>
	<pt:StocksInventory precision="6" contextRef="e2015" unitRef="GBP">158483</pt:StocksInventory>
	<pt:CashBankInHand precision="4" contextRef="e2016" unitRef="GBP">6739</pt:CashBankInHand>
	<pt:CashBankInHand precision="5" contextRef="e2015" unitRef="GBP">19387</pt:CashBankInHand>
	<pt:FixedAssets precision="5" contextRef="e2016" unitRef="GBP">84828</pt:FixedAssets>
	<pt:FixedAssets precision="6" contextRef="e2015" unitRef="GBP">110655</pt:FixedAssets>
	<pt:TangibleFixedAssets precision="5" contextRef="e2016" unitRef="GBP">84828</pt:TangibleFixedAssets>
	<pt:TangibleFixedAssets precision="6" contextRef="e2015" unitRef="GBP">110655</pt:TangibleFixedAssets>
	<ae:AccountingPolicy>
		<ae:TitleAccountingPolicy contextRef="y2016">Basis of accounting
</ae:TitleAccountingPolicy>
		<ae:ContentAccountingPolicy contextRef="y2016">The financial statements have been prepared under the historical cost convention, and in accordance with the Financial Reporting Standard for Smaller Entities (effective  January 2015).
</ae:ContentAccountingPolicy>
	</ae:AccountingPolicy>
	<ae:AccountingPolicy>
		<ae:TitleAccountingPolicy contextRef="y2016">Consolidation
</ae:TitleAccountingPolicy>
		<ae:ContentAccountingPolicy contextRef="y2016">In the opinion of the directors, the company and its subsidiary undertakings comprise a small group. The company has therefore taken advantage of the
exemption provided by Section 398 of the Companies Act 2006 not to prepare group accounts.
</ae:ContentAccountingPolicy>
	</ae:AccountingPolicy>
	<ae:AccountingPolicy>
		<ae:TitleAccountingPolicy contextRef="y2016">Turnover
</ae:TitleAccountingPolicy>
		<ae:ContentAccountingPolicy contextRef="y2016">Turnover, which is attributable to one continuing activity, represents amounts invoiced, excluding value added tax, in respect of the sale of goods and services. In respect  of long-term contracts and contracts for on-going services, turnover represents the value of work done in the year, including estimates of amounts not invoiced, calculated  by reference to the stage of completion.
</ae:ContentAccountingPolicy>
	</ae:AccountingPolicy>
	<ae:AccountingPolicy>
		<ae:TitleAccountingPolicy contextRef="y2016">Stocks
</ae:TitleAccountingPolicy>
		<ae:ContentAccountingPolicy contextRef="y2016">Stocks are valued at the lower of cost and net realisable value, after making due allowance
for obsolete and slow moving items.
</ae:ContentAccountingPolicy>
	</ae:AccountingPolicy>
	<ae:AccountingPolicy>
		<ae:TitleAccountingPolicy contextRef="y2016">Hire purchase agreements
</ae:TitleAccountingPolicy>
		<ae:ContentAccountingPolicy contextRef="y2016">Assets held under hire purchase agreements are capitalised and disclosed under tangible fixed
assets at their fair value. The capital element of the future payments is treated as a liability and
the interest is charged to the profit and loss account on a straight line basis.
</ae:ContentAccountingPolicy>
	</ae:AccountingPolicy>
	<ae:AccountingPolicy>
		<ae:TitleAccountingPolicy contextRef="y2016">Operating lease agreements
</ae:TitleAccountingPolicy>
		<ae:ContentAccountingPolicy contextRef="y2016">Rentals applicable to operating leases where substantially all of the benefits and risks of ownership remain with the lessor are charged against profits on a straight line basis  over the period of the lease.
</ae:ContentAccountingPolicy>
	</ae:AccountingPolicy>
	<ae:AccountingPolicy>
		<ae:TitleAccountingPolicy contextRef="y2016">Pension costs
</ae:TitleAccountingPolicy>
		<ae:ContentAccountingPolicy contextRef="y2016">The company operates a defined contribution pension scheme for employees. The assets of the scheme are held separately from those of the company. The annual  contributions payable are charged to the profit and loss account.
</ae:ContentAccountingPolicy>
	</ae:AccountingPolicy>
	<ae:AccountingPolicy>
		<ae:TitleAccountingPolicy contextRef="y2016">Deferred taxation
</ae:TitleAccountingPolicy>
		<ae:ContentAccountingPolicy contextRef="y2016">Deferred tax is recognised in respect of all timing differences that have originated but not
reversed at the balance sheet date where transactions or events have occurred at that date that
will result in an obligation to pay more, or a right to pay less or to receive more tax, with
the following exceptions:
Provision is made for tax on gains arising from the revaluation (and similar fair value adjustments)
of fixed assets, and gains on disposal of fixed assets that have been rolled over into replacement
assets, only to the extent that, at the balance sheet date, there is a binding agreement to dispose
of the assets concerned. However, no provision is made where, on the basis of all available
evidence at the balance sheet date, it is more likely than not that the taxable gain will be rolled
over into replacement assets and charged to tax only where the replacement assets are sold.
Deferred tax assets are recognised only to the extent that the directors consider that it is more
likely than not that there will be suitable taxable profits from which the future reversal of the
underlying timing differences can be deducted.
Deferred tax is measured on an undiscounted basis at the tax rates that are expected
to apply in the periods in which timing differences reverse, based on tax rates and laws enacted or
substantively enacted at the balance sheet date.
</ae:ContentAccountingPolicy>
	</ae:AccountingPolicy>
	<ae:AccountingPolicy>
		<ae:TitleAccountingPolicy contextRef="y2016">Fixed Assets
</ae:TitleAccountingPolicy>
		<ae:ContentAccountingPolicy contextRef="y2016">All fixed assets are initially recorded at cost.
</ae:ContentAccountingPolicy>
	</ae:AccountingPolicy>
	<ae:DepreciationRate>
		<ae:CategoryItem contextRef="y2016">Plant &amp; Machinery</ae:CategoryItem>
		<ae:TypeDepreciation contextRef="y2016">3 to 8 years straight line</ae:TypeDepreciation>
		<ae:RateDepreciation precision="2" contextRef="y2016" unitRef="pure">0.0600</ae:RateDepreciation>
	</ae:DepreciationRate>
	<ae:DepreciationRate>
		<ae:CategoryItem contextRef="y2016">Fixtures &amp; Fittings</ae:CategoryItem>
		<ae:TypeDepreciation contextRef="y2016">2 to 5 years straight line</ae:TypeDepreciation>
		<ae:RateDepreciation precision="2" contextRef="y2016" unitRef="pure">0.0100</ae:RateDepreciation>
	</ae:DepreciationRate>
	<ae:DepreciationRate>
		<ae:CategoryItem contextRef="y2016">Motor Vehicles</ae:CategoryItem>
		<ae:TypeDepreciation contextRef="y2016">3 years straight line to leave residual value of 30% of cost</ae:TypeDepreciation>
		<ae:RateDepreciation precision="2" contextRef="y2016" unitRef="pure">0.1100</ae:RateDepreciation>
	</ae:DepreciationRate>
	<ae:ForeignExchangeRate contextRef="y2016">
Assets and liabilities in foreign currencies are translated into sterling at the rates of exchange ruling at the balance sheet date. Transactions in foreign currencies are  translated into sterling at the rate of exchange ruling at the date of the transaction. Exchange differences are taken into account in arriving at the operating profit.
</ae:ForeignExchangeRate>
	<ae:IntangibleAssetsFreeTextNote contextRef="e2016"/>
	<pt:TangibleFixedAssetsCostOrValuation precision="6" contextRef="e2016" unitRef="GBP">835562</pt:TangibleFixedAssetsCostOrValuation>
	<pt:TangibleFixedAssetsCostOrValuation precision="6" contextRef="e2015" unitRef="GBP">826728</pt:TangibleFixedAssetsCostOrValuation>
	<pt:TangibleFixedAssetsAdditions precision="4" contextRef="y2016" unitRef="GBP">8834</pt:TangibleFixedAssetsAdditions>
	<pt:TangibleFixedAssetsDepreciation precision="7" contextRef="e2016" unitRef="GBP">750734</pt:TangibleFixedAssetsDepreciation>
	<pt:TangibleFixedAssetsDepreciation precision="7" contextRef="e2015" unitRef="GBP">716073</pt:TangibleFixedAssetsDepreciation>
	<pt:TangibleFixedAssetsDepreciationChargeForPeriod precision="6" contextRef="y2016" unitRef="GBP">34661</pt:TangibleFixedAssetsDepreciationChargeForPeriod>
	<ae:TangibleAssetsFreeTextNote contextRef="e2016"/>
	<ae:InvestmentsFixedAssetsFreeTextNote contextRef="e2016"/>
	<ae:TotalFixedAssetsCostOrValuation precision="6" contextRef="e2016" unitRef="GBP">835562</ae:TotalFixedAssetsCostOrValuation>
	<ae:TotalFixedAssetsCostOrValuation precision="6" contextRef="e2015" unitRef="GBP">826728</ae:TotalFixedAssetsCostOrValuation>
	<ae:TotalFixedAssetsAdditions precision="4" contextRef="y2016" unitRef="GBP">8834</ae:TotalFixedAssetsAdditions>
	<ae:TotalFixedAssetsDepreciation precision="7" contextRef="e2016" unitRef="GBP">750734</ae:TotalFixedAssetsDepreciation>
	<ae:TotalFixedAssetsDepreciation precision="7" contextRef="e2015" unitRef="GBP">716073</ae:TotalFixedAssetsDepreciation>
	<ae:TotalFixedAssetsDepreciationChargeInPeriod precision="6" contextRef="y2016" unitRef="GBP">34661</ae:TotalFixedAssetsDepreciationChargeInPeriod>
	<ae:TotalFixedAssetsFreeTextNote contextRef="e2016"/>
	<ae:SecuredDebts precision="6" contextRef="e2016" unitRef="GBP">49413</ae:SecuredDebts>
	<ae:SecuredDebts precision="6" contextRef="e2015" unitRef="GBP">66256</ae:SecuredDebts>
	<ae:CreditorsDueAfterOneYearFreeTextNote contextRef="e2016"/>
	<pt:EquityAuthorisedDetails>
		<pt:TypeOrdinaryShare contextRef="y2016">Ordinary</pt:TypeOrdinaryShare>
		<pt:NumberOrdinarySharesAuthorised precision="INF" contextRef="e2016" unitRef="shares">34500</pt:NumberOrdinarySharesAuthorised>
		<pt:ParValueOrdinaryShare precision="INF" contextRef="y2016" unitRef="GBP">1</pt:ParValueOrdinaryShare>
		<pt:ValueOrdinarySharesAuthorised precision="5" contextRef="e2016" unitRef="GBP">34500</pt:ValueOrdinarySharesAuthorised>
		<pt:ValueOrdinarySharesAuthorised precision="5" contextRef="e2015" unitRef="GBP">34500</pt:ValueOrdinarySharesAuthorised>
	</pt:EquityAuthorisedDetails>
	<pt:EquityAuthorisedDetails>
		<pt:TypeOrdinaryShare contextRef="y2016">Ordinary A</pt:TypeOrdinaryShare>
		<pt:NumberOrdinarySharesAuthorised precision="INF" contextRef="e2016" unitRef="shares">40500</pt:NumberOrdinarySharesAuthorised>
		<pt:ParValueOrdinaryShare precision="INF" contextRef="y2016" unitRef="GBP">1</pt:ParValueOrdinaryShare>
		<pt:ValueOrdinarySharesAuthorised precision="5" contextRef="e2016" unitRef="GBP">40500</pt:ValueOrdinarySharesAuthorised>
		<pt:ValueOrdinarySharesAuthorised precision="5" contextRef="e2015" unitRef="GBP">40500</pt:ValueOrdinarySharesAuthorised>
	</pt:EquityAuthorisedDetails>
	<pt:DetailsOrdinarySharesAllotted>
		<pt:TypeOrdinaryShare contextRef="y2016">Ordinary</pt:TypeOrdinaryShare>
		<pt:ParValueOrdinaryShare precision="INF" contextRef="y2016" unitRef="GBP">1</pt:ParValueOrdinaryShare>
		<pt:ValueOrdinarySharesAllotted precision="5" contextRef="e2016" unitRef="GBP">34500</pt:ValueOrdinarySharesAllotted>
		<pt:ValueOrdinarySharesAllotted precision="5" contextRef="e2015" unitRef="GBP">34500</pt:ValueOrdinarySharesAllotted>
		<pt:NumberOrdinarySharesAllotted precision="INF" contextRef="e2016" unitRef="shares">34500</pt:NumberOrdinarySharesAllotted>
	</pt:DetailsOrdinarySharesAllotted>
	<pt:DetailsOrdinarySharesAllotted>
		<pt:TypeOrdinaryShare contextRef="y2016">Ordinary A</pt:TypeOrdinaryShare>
		<pt:ParValueOrdinaryShare precision="INF" contextRef="y2016" unitRef="GBP">1</pt:ParValueOrdinaryShare>
		<pt:ValueOrdinarySharesAllotted precision="5" contextRef="e2016" unitRef="GBP">40500</pt:ValueOrdinarySharesAllotted>
		<pt:ValueOrdinarySharesAllotted precision="5" contextRef="e2015" unitRef="GBP">40500</pt:ValueOrdinarySharesAllotted>
		<pt:NumberOrdinarySharesAllotted precision="INF" contextRef="e2016" unitRef="shares">40500</pt:NumberOrdinarySharesAllotted>
	</pt:DetailsOrdinarySharesAllotted>
	<ae:ShareCapitalFreeTextNote contextRef="e2016"/>
	<pt:DateApproval contextRef="e2016">2017-03-30</pt:DateApproval>
	<pt:ApprovalDetails>
		<pt:NameApprovingDirector contextRef="y2016">J Sandford</pt:NameApprovingDirector>
	</pt:ApprovalDetails>
	<ae:CompanyEntitledToExemptionUnderSection477CompaniesAct2006 contextRef="y2016">true</ae:CompanyEntitledToExemptionUnderSection477CompaniesAct2006>
	<ae:MembersHaveNotRequiredCompanyToObtainAnAudit contextRef="y2016">true</ae:MembersHaveNotRequiredCompanyToObtainAnAudit>
	<ae:DirectorsAcknowledgeTheirResponsibilitiesUnderCompaniesAct contextRef="y2016">true</ae:DirectorsAcknowledgeTheirResponsibilitiesUnderCompaniesAct>
	<ae:AccountsAreInAccordanceWithSpecialProvisionsCompaniesActRelatingToSmallCompanies contextRef="y2016">true</ae:AccountsAreInAccordanceWithSpecialProvisionsCompaniesActRelatingToSmallCompanies>
	<unit id="shares">
		<measure>xbrli:shares</measure>
	</unit>
	<unit id="GBP">
		<measure>iso4217:GBP</measure>
	</unit>
	<unit id="pure">
		<measure>xbrli:pure</measure>
	</unit>
	<context id="y2016">
		<entity>
			<identifier scheme="Trim Technology &amp; Se/results">Trim Technology &amp; Services Limited</identifier>
		</entity>
		<period>
			<startDate>2015-08-01</startDate>
			<endDate>2016-07-31</endDate>
		</period>
	</context>
	<context id="y2015">
		<entity>
			<identifier scheme="Trim Technology &amp; Se/results">Trim Technology &amp; Services Limited</identifier>
		</entity>
		<period>
			<startDate>2014-08-01</startDate>
			<endDate>2015-07-31</endDate>
		</period>
	</context>
	<context id="s2015">
		<entity>
			<identifier scheme="Trim Technology &amp; Se/results">Trim Technology &amp; Services Limited</identifier>
		</entity>
		<period>
			<instant>2014-07-31</instant>
		</period>
	</context>
	<context id="e2015">
		<entity>
			<identifier scheme="Trim Technology &amp; Se/results">Trim Technology &amp; Services Limited</identifier>
		</entity>
		<period>
			<instant>2015-07-31</instant>
		</period>
	</context>
	<context id="s2016">
		<entity>
			<identifier scheme="Trim Technology &amp; Se/results">Trim Technology &amp; Services Limited</identifier>
		</entity>
		<period>
			<instant>2015-07-31</instant>
		</period>
	</context>
	<context id="e2016">
		<entity>
			<identifier scheme="Trim Technology &amp; Se/results">Trim Technology &amp; Services Limited</identifier>
		</entity>
		<period>
			<instant>2016-07-31</instant>
		</period>
	</context>
	<ae:CompaniesHouseDocumentAuthentication contextRef="y2016"></ae:CompaniesHouseDocumentAuthentication>
	<ae:DateAccountsReceived contextRef="e2016">2017-04-07</ae:DateAccountsReceived>
</xbrl>